STATUS: Starting pipeline for prompt: Donald Trump and Elon Musk have a very short conversation about Docker
STATUS: Session created.
STATUS: Running RootAgent...
EVENT: Event
CONTENT: Okay, I understand the user wants me to generate a video of Donald Trump and Elon Musk having a conversation about Docker. Here's the plan:

1.  **Script Generation:** Use the `ScriptAgent` to generate a script for the conversation between Donald Trump and Elon Musk about Docker.
2.  **Character Identification:** Use the `IdentifyCharactersAgent` to identify the characters in the prompt (Donald Trump and Elon Musk).
3.  **Voice Generation:** Use the `VoiceAgent` to generate the audio for each character in the script, and create a timeline of the audio.
4.  **Video Generation:** Use the `VideoAgent` to create a video with the generated audio, character images, and subtitles.
5.  **Final Output:** Return the path to the generated video.

Here's the first step:

STATUS: Starting script generation...
Generated script: {
"Donald Trump": "Elon, folks, I'm telling you, Docker is a tremendous technology, believe me.",
"Elon Musk": "Ah, Donald, Docker is a containerization platform that allows developers to package, ship, and run applications in containers.",
"Donald Trump": "That's right, Elon, it's a big league platform, the best, the greatest, the fantastic-est.",
"Elon Musk": "Docker provides a consistent and reliable environment for applications, and it's easy to use and manage.",
"Donald Trump": "I see, so it's like a big league house for your applications?",
"Elon Musk": "Exactly, Donald! And Docker containers are lightweight and portable, making it easy to deploy and scale applications.",
"Donald Trump": "That's amazing, Elon, you're a genius, a real winner.",
"Elon Musk": "Thanks, Donald, I'm just trying to help people understand this complex technology.",
"Donald Trump": "Complex? Docker is not complex, it's simple, it's easy, it's tremendous.",
"Elon Musk": "Well, I'm glad we could have this conversation, Donald.",
"Donald Trump": "Me too, Elon, me too.",
"Elon Musk": "What about Docker volumes, Donald?",
"Donald Trump": "Ah, great question, Elon. Docker volumes are a way to persist data in containers.",
"Elon Musk": "Exactly, and they can be used to persist data even after a container is deleted.",
"Donald Trump": "That's right, Elon, you're a true Docker expert.",
"Elon Musk": "Thanks, Donald, I'm just trying to help people learn about Docker.",
"Donald Trump": "Well, you're doing a great job, Elon.",
"Elon Musk": "Thanks, Donald."}



script done
Parsed script: [['Donald Trump', "Elon, folks, I'm telling you, Docker is a tremendous technology, believe me."], ['Elon Musk', 'Ah, Donald, Docker is a containerization platform that allows developers to package, ship, and run applications in containers.'], ['Donald Trump', "That's right, Elon, it's a big league platform, the best, the greatest, the fantastic-est."], ['Elon Musk', "Docker provides a consistent and reliable environment for applications, and it's easy to use and manage."], ['Donald Trump', "I see, so it's like a big league house for your applications?"], ['Elon Musk', 'Exactly, Donald! And Docker containers are lightweight and portable, making it easy to deploy and scale applications.'], ['Donald Trump', "That's amazing, Elon, you're a genius, a real winner."], ['Elon Musk', "Thanks, Donald, I'm just trying to help people understand this complex technology."], ['Donald Trump', "Complex? Docker is not complex, it's simple, it's easy, it's tremendous."], ['Elon Musk', "Well, I'm glad we could have this conversation, Donald."], ['Donald Trump', 'Me too, Elon, me too.'], ['Elon Musk', 'What about Docker volumes, Donald?'], ['Donald Trump', 'Ah, great question, Elon. Docker volumes are a way to persist data in containers.'], ['Elon Musk', 'Exactly, and they can be used to persist data even after a container is deleted.'], ['Donald Trump', "That's right, Elon, you're a true Docker expert."], ['Elon Musk', "Thanks, Donald, I'm just trying to help people learn about Docker."], ['Donald Trump', "Well, you're doing a great job, Elon."], ['Elon Musk', 'Thanks, Donald.']]
EVENT: Event
CONTENT: None
EVENT: Event
CONTENT: Okay, I have the script. Now I need to identify the characters.

EVENT: Event
CONTENT: None
EVENT: Event
CONTENT: Great, I have the characters. Now I need to generate the audio using the VoiceAgent. I'll pass in the script from the ScriptAgent.

STATUS: Starting AUDIO generation...
tts_output RECEIVED BY TTS TOOL: {'audio_path': 'media/generated/audio/final_audio.wav', 'timestamps': [{'speaker': 'Donald Trump', 'start': 0.0, 'duration': 5.02709375, 'filename': 'donald_trump_1_d98f8c75.wav'}, {'speaker': 'Elon Musk', 'start': 5.02709375, 'duration': 7.221375, 'filename': 'elon_musk_2_b97e447e.wav'}, {'speaker': 'Donald Trump', 'start': 12.24846875, 'duration': 5.503125, 'filename': 'donald_trump_3_544831e5.wav'}, {'speaker': 'Elon Musk', 'start': 17.75159375, 'duration': 4.713625, 'filename': 'elon_musk_4_bbeb4e01.wav'}, {'speaker': 'Donald Trump', 'start': 22.465218750000002, 'duration': 3.761625, 'filename': 'donald_trump_5_32de6c5e.wav'}, {'speaker': 'Elon Musk', 'start': 26.22684375, 'duration': 7.10528125, 'filename': 'elon_musk_6_849f49ff.wav'}, {'speaker': 'Elon Musk', 'start': 33.332125, 'duration': 2.82121875, 'filename': 'elon_musk_10_2f9fc71d.wav'}, {'speaker': 'Donald Trump', 'start': 36.15334375, 'duration': 1.81115625, 'filename': 'donald_trump_11_9f9f64c9.wav'}, {'speaker': 'Elon Musk', 'start': 37.9645, 'duration': 2.13621875, 'filename': 'elon_musk_12_80a3e404.wav'}, {'speaker': 'Donald Trump', 'start': 40.10071875, 'duration': 2.8328125, 'filename': 'donald_trump_17_e0f12828.wav'}, {'speaker': 'Elon Musk', 'start': 42.93353125, 'duration': 0.9984375, 'filename': 'elon_musk_18_83857905.wav'}]}
EVENT: Event
CONTENT: None
EVENT: Event
CONTENT: Okay, I have the audio and the timeline. Now I will use the VideoAgent to generate the video. I will pass the timeline as the tts_output.

Editing video with parameters: {'audio_path': 'media/generated/audio/final_audio.wav', 'timestamps': [{'speaker': 'Donald Trump', 'start': 0, 'filename': 'donald_trump_1_d98f8c75.wav', 'duration': 5.02709375}, {'speaker': 'Elon Musk', 'start': 5.02709375, 'filename': 'elon_musk_2_b97e447e.wav', 'duration': 7.221375}, {'start': 12.24846875, 'filename': 'donald_trump_3_544831e5.wav', 'duration': 5.503125, 'speaker': 'Donald Trump'}, {'duration': 4.713625, 'filename': 'elon_musk_4_bbeb4e01.wav', 'start': 17.75159375, 'speaker': 'Elon Musk'}, {'speaker': 'Donald Trump', 'start': 22.465218750000002, 'filename': 'donald_trump_5_32de6c5e.wav', 'duration': 3.761625}, {'speaker': 'Elon Musk', 'filename': 'elon_musk_6_849f49ff.wav', 'duration': 7.10528125, 'start': 26.22684375}, {'filename': 'elon_musk_10_2f9fc71d.wav', 'duration': 2.82121875, 'speaker': 'Elon Musk', 'start': 33.332125}, {'duration': 1.81115625, 'filename': 'donald_trump_11_9f9f64c9.wav', 'speaker': 'Donald Trump', 'start': 36.15334375}, {'start': 37.9645, 'speaker': 'Elon Musk', 'filename': 'elon_musk_12_80a3e404.wav', 'duration': 2.13621875}, {'start': 40.10071875, 'speaker': 'Donald Trump', 'duration': 2.8328125, 'filename': 'donald_trump_17_e0f12828.wav'}, {'speaker': 'Elon Musk', 'start': 42.93353125, 'duration': 0.9984375, 'filename': 'elon_musk_18_83857905.wav'}]}, {'Donald Trump': '/home/vedansh/doomteach_v3_parent/doomteach_v3/generator/../media/stickers/donaldtrump.png', 'Elon Musk': '/home/vedansh/doomteach_v3_parent/doomteach_v3/generator/../media/stickers/elonmusk.png'}, ['Donald Trump', 'Elon Musk'], media/bg_videos/vid1.mp4, media/generated/audio/final_audio.mp3, media/generated/video
tts_output in FILE video_editing_tool.py: {'audio_path': 'media/generated/audio/final_audio.wav', 'timestamps': [{'speaker': 'Donald Trump', 'start': 0, 'filename': 'donald_trump_1_d98f8c75.wav', 'duration': 5.02709375}, {'speaker': 'Elon Musk', 'start': 5.02709375, 'filename': 'elon_musk_2_b97e447e.wav', 'duration': 7.221375}, {'start': 12.24846875, 'filename': 'donald_trump_3_544831e5.wav', 'duration': 5.503125, 'speaker': 'Donald Trump'}, {'duration': 4.713625, 'filename': 'elon_musk_4_bbeb4e01.wav', 'start': 17.75159375, 'speaker': 'Elon Musk'}, {'speaker': 'Donald Trump', 'start': 22.465218750000002, 'filename': 'donald_trump_5_32de6c5e.wav', 'duration': 3.761625}, {'speaker': 'Elon Musk', 'filename': 'elon_musk_6_849f49ff.wav', 'duration': 7.10528125, 'start': 26.22684375}, {'filename': 'elon_musk_10_2f9fc71d.wav', 'duration': 2.82121875, 'speaker': 'Elon Musk', 'start': 33.332125}, {'duration': 1.81115625, 'filename': 'donald_trump_11_9f9f64c9.wav', 'speaker': 'Donald Trump', 'start': 36.15334375}, {'start': 37.9645, 'speaker': 'Elon Musk', 'filename': 'elon_musk_12_80a3e404.wav', 'duration': 2.13621875}, {'start': 40.10071875, 'speaker': 'Donald Trump', 'duration': 2.8328125, 'filename': 'donald_trump_17_e0f12828.wav'}, {'speaker': 'Elon Musk', 'start': 42.93353125, 'duration': 0.9984375, 'filename': 'elon_musk_18_83857905.wav'}]}
inside create video with stickers
tts_output in FILE video_editing.py: {'audio_path': 'media/generated/audio/final_audio.wav', 'timestamps': [{'speaker': 'Donald Trump', 'start': 0, 'filename': 'donald_trump_1_d98f8c75.wav', 'duration': 5.02709375}, {'speaker': 'Elon Musk', 'start': 5.02709375, 'filename': 'elon_musk_2_b97e447e.wav', 'duration': 7.221375}, {'start': 12.24846875, 'filename': 'donald_trump_3_544831e5.wav', 'duration': 5.503125, 'speaker': 'Donald Trump'}, {'duration': 4.713625, 'filename': 'elon_musk_4_bbeb4e01.wav', 'start': 17.75159375, 'speaker': 'Elon Musk'}, {'speaker': 'Donald Trump', 'start': 22.465218750000002, 'filename': 'donald_trump_5_32de6c5e.wav', 'duration': 3.761625}, {'speaker': 'Elon Musk', 'filename': 'elon_musk_6_849f49ff.wav', 'duration': 7.10528125, 'start': 26.22684375}, {'filename': 'elon_musk_10_2f9fc71d.wav', 'duration': 2.82121875, 'speaker': 'Elon Musk', 'start': 33.332125}, {'duration': 1.81115625, 'filename': 'donald_trump_11_9f9f64c9.wav', 'speaker': 'Donald Trump', 'start': 36.15334375}, {'start': 37.9645, 'speaker': 'Elon Musk', 'filename': 'elon_musk_12_80a3e404.wav', 'duration': 2.13621875}, {'start': 40.10071875, 'speaker': 'Donald Trump', 'duration': 2.8328125, 'filename': 'donald_trump_17_e0f12828.wav'}, {'speaker': 'Elon Musk', 'start': 42.93353125, 'duration': 0.9984375, 'filename': 'elon_musk_18_83857905.wav'}]}
Total clips to composite: 2 (1 video + 1 overlays)
Total clips to composite: 3 (1 video + 2 overlays)
Total clips to composite: 4 (1 video + 3 overlays)
Total clips to composite: 5 (1 video + 4 overlays)
Total clips to composite: 6 (1 video + 5 overlays)
Total clips to composite: 7 (1 video + 6 overlays)
Total clips to composite: 8 (1 video + 7 overlays)
Total clips to composite: 9 (1 video + 8 overlays)
Total clips to composite: 10 (1 video + 9 overlays)
Total clips to composite: 11 (1 video + 10 overlays)
Total clips to composite: 12 (1 video + 11 overlays)
Generating subtitles for /home/vedansh/doomteach_v3_parent/doomteach_v3/media/generated/audio/final_audio.mp3
STATUS: RootAgent completed successfully.
